AndroidStudio/SniperMan/build/outputs/logs/manifest-merger-debug-report.txt
-- Merging decision tree log ---
manifest
ADDED from src\main\AndroidManifest.xml:2:1-62:12
	package
		ADDED from src\main\AndroidManifest.xml:2:11-35
		INJECTED from src\main\AndroidManifest.xml
		INJECTED from src\main\AndroidManifest.xml
	android:versionName
		ADDED from src\main\AndroidManifest.xml:5:11-52
		INJECTED from src\main\AndroidManifest.xml
		INJECTED from src\main\AndroidManifest.xml
	android:versionCode
		ADDED from src\main\AndroidManifest.xml:4:11-41
		INJECTED from src\main\AndroidManifest.xml
		INJECTED from src\main\AndroidManifest.xml
	xmlns:android
		ADDED from src\main\AndroidManifest.xml:3:11-69
uses-sdk
ADDED from src\main\AndroidManifest.xml:7:5-9:40
MERGED from [AndroidStudio:pickerlibrary:unspecified] AndroidManifest.xml:7:5-9:41
MERGED from [AndroidStudio:styledDialogsLib:unspecified] AndroidManifest.xml:7:5-9:41
MERGED from [AndroidStudio:viewPagerIndicatorLib:unspecified] AndroidManifest.xml:7:5-9:40
MERGED from [com.google.android.gms:play-services:5.0.89] AndroidManifest.xml:15:5-42
MERGED from [com.mixpanel.android:mixpanel-android:4.2.2] AndroidManifest.xml:11:5-14:42
MERGED from [no.nordicsemi.android.support.v18:scanner:1.0.0] AndroidManifest.xml:8:5-10:41
	android:targetSdkVersion
		ADDED from src\main\AndroidManifest.xml:9:9-38
		INJECTED from src\main\AndroidManifest.xml
		INJECTED from src\main\AndroidManifest.xml
	tools:ignore
		ADDED from [com.mixpanel.android:mixpanel-android:4.2.2] AndroidManifest.xml:14:9-39
	android:minSdkVersion
		ADDED from src\main\AndroidManifest.xml:8:9-35
		INJECTED from src\main\AndroidManifest.xml
		INJECTED from src\main\AndroidManifest.xml
uses-permission#android.permission.RECORD_AUDIO
ADDED from src\main\AndroidManifest.xml:11:5-70
	android:name
		ADDED from src\main\AndroidManifest.xml:11:22-68
uses-permission#android.permission.ACCESS_FINE_LOCATION
ADDED from src\main\AndroidManifest.xml:12:5-78
	android:name
		ADDED from src\main\AndroidManifest.xml:12:22-76
uses-permission#android.permission.INTERNET
ADDED from src\main\AndroidManifest.xml:13:5-66
MERGED from [com.mixpanel.android:mixpanel-android:4.2.2] AndroidManifest.xml:17:5-67
	android:name
		ADDED from src\main\AndroidManifest.xml:13:22-64
uses-permission#android.permission.ACCESS_NETWORK_STATE
ADDED from src\main\AndroidManifest.xml:14:5-78
	android:name
		ADDED from src\main\AndroidManifest.xml:14:22-76
uses-permission#android.permission.ACCESS_WIFI_STATE
ADDED from src\main\AndroidManifest.xml:15:5-75
	android:name
		ADDED from src\main\AndroidManifest.xml:15:22-73
uses-permission#android.permission.BLUETOOTH
ADDED from src\main\AndroidManifest.xml:17:5-67
	android:name
		ADDED from src\main\AndroidManifest.xml:17:22-65
uses-permission#android.permission.BLUETOOTH_ADMIN
ADDED from src\main\AndroidManifest.xml:18:5-73
	android:name
		ADDED from src\main\AndroidManifest.xml:18:22-71
uses-feature#android.hardware.bluetooth_le
ADDED from src\main\AndroidManifest.xml:20:5-22:34
	android:required
		ADDED from src\main\AndroidManifest.xml:22:9-32
	android:name
		ADDED from src\main\AndroidManifest.xml:21:9-53
application
ADDED from src\main\AndroidManifest.xml:25:5-60:19
MERGED from [com.google.android.gms:play-services:5.0.89] AndroidManifest.xml:16:5-19
MERGED from [com.mixpanel.android:mixpanel-android:4.2.2] AndroidManifest.xml:44:5-124:19
	android:label
		ADDED from src\main\AndroidManifest.xml:28:9-41
	tools:ignore
		ADDED from [com.mixpanel.android:mixpanel-android:4.2.2] AndroidManifest.xml:44:18-44
	android:allowBackup
		ADDED from src\main\AndroidManifest.xml:26:9-35
	android:icon
		ADDED from src\main\AndroidManifest.xml:27:9-45
	android:theme
		ADDED from src\main\AndroidManifest.xml:30:9-40
	android:logo
		ADDED from src\main\AndroidManifest.xml:29:9-45
activity#at.photosniper.activities.MainActivity
ADDED from src\main\AndroidManifest.xml:31:9-41:20
	android:label
		ADDED from src\main\AndroidManifest.xml:33:13-45
	android:launchMode
		ADDED from src\main\AndroidManifest.xml:34:13-43
	android:name
		ADDED from src\main\AndroidManifest.xml:32:13-66
intent-filter#android.intent.action.MAIN+android.intent.category.LAUNCHER
ADDED from src\main\AndroidManifest.xml:36:13-40:29
action#android.intent.action.MAIN
ADDED from src\main\AndroidManifest.xml:37:17-68
	android:name
		ADDED from src\main\AndroidManifest.xml:37:25-66
category#android.intent.category.LAUNCHER
ADDED from src\main\AndroidManifest.xml:39:17-76
	android:name
		ADDED from src\main\AndroidManifest.xml:39:27-74
activity#at.photosniper.activities.SettingsActivity
ADDED from src\main\AndroidManifest.xml:42:9-52:20
	android:label
		ADDED from src\main\AndroidManifest.xml:44:13-45
	android:parentActivityName
		ADDED from src\main\AndroidManifest.xml:45:13-80
	android:name
		ADDED from src\main\AndroidManifest.xml:43:13-70
meta-data#android.support.PARENT_ACTIVITY
ADDED from src\main\AndroidManifest.xml:49:13-51:73
	android:value
		ADDED from src\main\AndroidManifest.xml:51:17-71
	android:name
		ADDED from src\main\AndroidManifest.xml:50:17-63
meta-data#com.google.android.gms.version
ADDED from src\main\AndroidManifest.xml:54:9-57:15
	android:value
		ADDED from src\main\AndroidManifest.xml:56:13-66
	android:name
		ADDED from src\main\AndroidManifest.xml:55:13-58
service#at.photosniper.service.PhotoSniperService
ADDED from src\main\AndroidManifest.xml:59:9-76
	android:name
		ADDED from src\main\AndroidManifest.xml:59:18-74